2022-10-26 20:24:20 INFO  TelegramBot:29 - 5393283581:AAEnVYvLzpBIxABcPDX6U7bkhUgwqZsQ4Ys
2022-10-26 20:24:20 INFO  TelegramBot:23 - tyolky40_bot
2022-10-26 20:24:20 INFO  TelegramBot:29 - 5393283581:AAEnVYvLzpBIxABcPDX6U7bkhUgwqZsQ4Ys
2022-10-26 20:24:20 INFO  TelegramBot:29 - 5393283581:AAEnVYvLzpBIxABcPDX6U7bkhUgwqZsQ4Ys
2022-10-26 20:24:20 INFO  TelegramBot:23 - tyolky40_bot
2022-10-26 20:24:20 INFO  TelegramBot:23 - tyolky40_bot
2022-10-26 20:24:42 INFO  TelegramBot:36 - Лмомлр
2022-10-26 20:24:42 INFO  TelegramBot:29 - 5393283581:AAEnVYvLzpBIxABcPDX6U7bkhUgwqZsQ4Ys
2022-10-26 20:24:57 INFO  TelegramBot:36 - Пглпш
2022-10-26 20:24:57 INFO  TelegramBot:29 - 5393283581:AAEnVYvLzpBIxABcPDX6U7bkhUgwqZsQ4Ys
2022-10-26 20:26:27 INFO  TelegramBot:29 - 5393283581:AAEnVYvLzpBIxABcPDX6U7bkhUgwqZsQ4Ys
c2022-10-26 20:26:27 INFO  TelegramBot:23 - tyolky40_bot
c2022-10-26 20:26:27 INFO  TelegramBot:29 - 5393283581:AAEnVYvLzpBIxABcPDX6U7bkhUgwqZsQ4Ys
c2022-10-26 20:26:28 INFO  TelegramBot:29 - 5393283581:AAEnVYvLzpBIxABcPDX6U7bkhUgwqZsQ4Ys
c2022-10-26 20:26:28 INFO  TelegramBot:23 - tyolky40_bot
c2022-10-26 20:26:28 INFO  TelegramBot:23 - tyolky40_bot
c2022-10-26 20:35:26 INFO  TelegramBot:29 - 5393283581:AAEnVYvLzpBIxABcPDX6U7bkhUgwqZsQ4Ys
2022-10-26 20:35:26 INFO  TelegramBot:23 - tyolky40_bot
2022-10-26 20:35:26 INFO  TelegramBot:29 - 5393283581:AAEnVYvLzpBIxABcPDX6U7bkhUgwqZsQ4Ys
2022-10-26 20:35:27 INFO  TelegramBot:29 - 5393283581:AAEnVYvLzpBIxABcPDX6U7bkhUgwqZsQ4Ys
2022-10-26 20:35:27 INFO  TelegramBot:23 - tyolky40_bot
2022-10-26 20:35:27 INFO  TelegramBot:23 - tyolky40_bot
2022-10-26 20:38:37  INFO TelegramBot:29 - 5393283581:AAEnVYvLzpBIxABcPDX6U7bkhUgwqZsQ4Ys
2022-10-26 20:38:37  INFO TelegramBot:23 - tyolky40_bot
2022-10-26 20:38:37  INFO TelegramBot:29 - 5393283581:AAEnVYvLzpBIxABcPDX6U7bkhUgwqZsQ4Ys
2022-10-26 20:38:37  INFO TelegramBot:29 - 5393283581:AAEnVYvLzpBIxABcPDX6U7bkhUgwqZsQ4Ys
2022-10-26 20:38:37  INFO TelegramBot:23 - tyolky40_bot
2022-10-26 20:38:37  INFO TelegramBot:23 - tyolky40_bot
2022-10-26 20:40:42 INFO  controller.TelegramBot:29 - 5393283581:AAEnVYvLzpBIxABcPDX6U7bkhUgwqZsQ4Ys
2022-10-26 20:40:42 INFO  controller.TelegramBot:23 - tyolky40_bot
2022-10-26 20:40:42 INFO  controller.TelegramBot:29 - 5393283581:AAEnVYvLzpBIxABcPDX6U7bkhUgwqZsQ4Ys
2022-10-26 20:40:43 INFO  controller.TelegramBot:29 - 5393283581:AAEnVYvLzpBIxABcPDX6U7bkhUgwqZsQ4Ys
2022-10-26 20:40:43 INFO  controller.TelegramBot:23 - tyolky40_bot
2022-10-26 20:40:43 INFO  controller.TelegramBot:23 - tyolky40_bot
2022-10-26 20:42:00 INFO  controller.TelegramBot:29 - 5393283581:AAEnVYvLzpBIxABcPDX6U7bkhUgwqZsQ4Ys
2022-10-26 20:42:00 ERROR controller.TelegramBot:30 - 5393283581:AAEnVYvLzpBIxABcPDX6U7bkhUgwqZsQ4Ys
2022-10-26 20:42:00 INFO  controller.TelegramBot:23 - tyolky40_bot
2022-10-26 20:42:00 INFO  controller.TelegramBot:29 - 5393283581:AAEnVYvLzpBIxABcPDX6U7bkhUgwqZsQ4Ys
2022-10-26 20:42:00 ERROR controller.TelegramBot:30 - 5393283581:AAEnVYvLzpBIxABcPDX6U7bkhUgwqZsQ4Ys
2022-10-26 20:42:01 INFO  controller.TelegramBot:29 - 5393283581:AAEnVYvLzpBIxABcPDX6U7bkhUgwqZsQ4Ys
2022-10-26 20:42:01 ERROR controller.TelegramBot:30 - 5393283581:AAEnVYvLzpBIxABcPDX6U7bkhUgwqZsQ4Ys
2022-10-26 20:42:01 INFO  controller.TelegramBot:23 - tyolky40_bot
2022-10-26 20:42:01 INFO  controller.TelegramBot:23 - tyolky40_bot
2022-10-26 21:13:48 INFO  controller.TelegramBot:42 - 5393283581:AAEnVYvLzpBIxABcPDX6U7bkhUgwqZsQ4Ys
2022-10-26 21:13:48 ERROR controller.TelegramBot:43 - 5393283581:AAEnVYvLzpBIxABcPDX6U7bkhUgwqZsQ4Ys
2022-10-26 21:13:48 INFO  controller.TelegramBot:36 - tyolky40_bot
2022-10-26 21:13:48 INFO  controller.TelegramBot:42 - 5393283581:AAEnVYvLzpBIxABcPDX6U7bkhUgwqZsQ4Ys
2022-10-26 21:13:48 ERROR controller.TelegramBot:43 - 5393283581:AAEnVYvLzpBIxABcPDX6U7bkhUgwqZsQ4Ys
2022-10-26 21:13:48 INFO  controller.TelegramBot:42 - 5393283581:AAEnVYvLzpBIxABcPDX6U7bkhUgwqZsQ4Ys
2022-10-26 21:13:48 ERROR controller.TelegramBot:43 - 5393283581:AAEnVYvLzpBIxABcPDX6U7bkhUgwqZsQ4Ys
2022-10-26 21:13:48 INFO  controller.TelegramBot:36 - tyolky40_bot
2022-10-26 21:13:48 INFO  controller.TelegramBot:36 - tyolky40_bot
2022-10-26 21:14:01 INFO  controller.TelegramBot:50 - Рлпг
2022-10-26 21:14:01 INFO  controller.TelegramBot:42 - 5393283581:AAEnVYvLzpBIxABcPDX6U7bkhUgwqZsQ4Ys
2022-10-26 21:14:01 ERROR controller.TelegramBot:43 - 5393283581:AAEnVYvLzpBIxABcPDX6U7bkhUgwqZsQ4Ys
2022-10-26 21:14:23 INFO  controller.TelegramBot:50 - 😂
2022-10-26 21:14:23 INFO  controller.TelegramBot:42 - 5393283581:AAEnVYvLzpBIxABcPDX6U7bkhUgwqZsQ4Ys
2022-10-26 21:14:23 ERROR controller.TelegramBot:43 - 5393283581:AAEnVYvLzpBIxABcPDX6U7bkhUgwqZsQ4Ys
2022-10-26 21:14:50 INFO  controller.TelegramBot:50 - 
2022-10-26 21:14:50 INFO  controller.TelegramBot:42 - 5393283581:AAEnVYvLzpBIxABcPDX6U7bkhUgwqZsQ4Ys
2022-10-26 21:14:50 ERROR controller.TelegramBot:43 - 5393283581:AAEnVYvLzpBIxABcPDX6U7bkhUgwqZsQ4Ys
2022-10-26 22:09:33 INFO  controller.TelegramBot:42 - 5393283581:AAEnVYvLzpBIxABcPDX6U7bkhUgwqZsQ4Ys
2022-10-26 22:09:33 ERROR controller.TelegramBot:43 - 5393283581:AAEnVYvLzpBIxABcPDX6U7bkhUgwqZsQ4Ys
2022-10-26 22:09:33 INFO  controller.TelegramBot:36 - tyolky40_bot
2022-10-26 22:09:33 INFO  controller.TelegramBot:42 - 5393283581:AAEnVYvLzpBIxABcPDX6U7bkhUgwqZsQ4Ys
2022-10-26 22:09:33 ERROR controller.TelegramBot:43 - 5393283581:AAEnVYvLzpBIxABcPDX6U7bkhUgwqZsQ4Ys
2022-10-26 22:09:33 INFO  controller.TelegramBot:42 - 5393283581:AAEnVYvLzpBIxABcPDX6U7bkhUgwqZsQ4Ys
2022-10-26 22:09:33 ERROR controller.TelegramBot:43 - 5393283581:AAEnVYvLzpBIxABcPDX6U7bkhUgwqZsQ4Ys
2022-10-26 22:09:33 INFO  controller.TelegramBot:36 - tyolky40_bot
2022-10-26 22:09:33 INFO  controller.TelegramBot:36 - tyolky40_bot
2022-10-26 22:09:54 DEBUG impl.UpdateProducerImpl:14 - Пр
2022-10-26 22:10:32 DEBUG impl.UpdateProducerImpl:14 - 
2022-10-26 22:10:32 INFO  controller.TelegramBot:42 - 5393283581:AAEnVYvLzpBIxABcPDX6U7bkhUgwqZsQ4Ys
2022-10-26 22:10:32 ERROR controller.TelegramBot:43 - 5393283581:AAEnVYvLzpBIxABcPDX6U7bkhUgwqZsQ4Ys
2022-10-26 22:15:19 DEBUG impl.UpdateProducerImpl:14 - Про
2022-10-26 22:15:30 ERROR controller.UpdateController:38 - Unsupported message type is received: Update(updateId=950937974, message=null, inlineQuery=null, chosenInlineQuery=null, callbackQuery=null, editedMessage=Message(messageId=823, from=User(id=1043551860, firstName=Роман, isBot=false, lastName=null, userName=RVSoft, languageCode=ru, canJoinGroups=null, canReadAllGroupMessages=null, supportInlineQueries=null, isPremium=null, addedToAttachmentMenu=null), date=1666811719, chat=Chat(id=1043551860, type=private, title=null, firstName=Роман, lastName=null, userName=RVSoft, photo=null, description=null, inviteLink=null, pinnedMessage=null, stickerSetName=null, canSetStickerSet=null, permissions=null, slowModeDelay=null, bio=null, linkedChatId=null, location=null, messageAutoDeleteTime=null, hasPrivateForwards=null, HasProtectedContent=null, joinToSendMessages=null, joinByRequest=null), forwardFrom=null, forwardFromChat=null, forwardDate=null, text=Проо, entities=null, captionEntities=null, audio=null, document=null, photo=null, sticker=null, video=null, contact=null, location=null, venue=null, animation=null, pinnedMessage=null, newChatMembers=[], leftChatMember=null, newChatTitle=null, newChatPhoto=null, deleteChatPhoto=null, groupchatCreated=null, replyToMessage=null, voice=null, caption=null, superGroupCreated=null, channelChatCreated=null, migrateToChatId=null, migrateFromChatId=null, editDate=1666811730, game=null, forwardFromMessageId=null, invoice=null, successfulPayment=null, videoNote=null, authorSignature=null, forwardSignature=null, mediaGroupId=null, connectedWebsite=null, passportData=null, forwardSenderName=null, poll=null, replyMarkup=null, dice=null, viaBot=null, senderChat=null, proximityAlertTriggered=null, messageAutoDeleteTimerChanged=null, isAutomaticForward=null, hasProtectedContent=null, webAppData=null, videoChatStarted=null, videoChatEnded=null, videoChatParticipantsInvited=null, videoChatScheduled=null), channelPost=null, editedChannelPost=null, shippingQuery=null, preCheckoutQuery=null, poll=null, pollAnswer=null, myChatMember=null, chatMember=null, chatJoinRequest=null)
2022-10-27 13:43:59 INFO  aspect.LoggerAspect:22 - Method called: getBotToken
Proxy: org.rvsoft.controller.TelegramBot@68b7d0ef
Target: org.rvsoft.controller.TelegramBot@68b7d0ef
Arguments: []

2022-10-27 13:43:59 INFO  controller.TelegramBot:42 - 5393283581:AAEnVYvLzpBIxABcPDX6U7bkhUgwqZsQ4Ys
2022-10-27 13:43:59 ERROR controller.TelegramBot:43 - 5393283581:AAEnVYvLzpBIxABcPDX6U7bkhUgwqZsQ4Ys
2022-10-27 13:44:14 INFO  aspect.LoggerAspect:22 - Method called: getBotUsername
Proxy: org.rvsoft.controller.TelegramBot@68b7d0ef
Target: org.rvsoft.controller.TelegramBot@68b7d0ef
Arguments: []

2022-10-27 13:44:14 INFO  controller.TelegramBot:36 - tyolky40_bot
2022-10-27 13:44:14 INFO  controller.TelegramBot:42 - 5393283581:AAEnVYvLzpBIxABcPDX6U7bkhUgwqZsQ4Ys
2022-10-27 13:44:14 ERROR controller.TelegramBot:43 - 5393283581:AAEnVYvLzpBIxABcPDX6U7bkhUgwqZsQ4Ys
2023-01-17 22:15:08 INFO  aspect.LoggerAspect:22 - Method called: getBotToken
Proxy: org.rvsoft.controller.TelegramBot@2c2c3947
Target: org.rvsoft.controller.TelegramBot@2c2c3947
Arguments: []

2023-01-17 22:15:08 INFO  aspect.LoggerAspect:22 - Method called: getBotUsername
Proxy: org.rvsoft.controller.TelegramBot@2c2c3947
Target: org.rvsoft.controller.TelegramBot@2c2c3947
Arguments: []

2023-01-17 22:15:09 INFO  aspect.LoggerAspect:22 - Method called: getBotToken
Proxy: org.rvsoft.controller.TelegramBot@2c2c3947
Target: org.rvsoft.controller.TelegramBot@2c2c3947
Arguments: []

2023-01-17 22:15:10 INFO  aspect.LoggerAspect:22 - Method called: getBotUsername
Proxy: org.rvsoft.controller.TelegramBot@2c2c3947
Target: org.rvsoft.controller.TelegramBot@2c2c3947
Arguments: []

2023-01-17 22:15:10 INFO  aspect.LoggerAspect:22 - Method called: getBotUsername
Proxy: org.rvsoft.controller.TelegramBot@2c2c3947
Target: org.rvsoft.controller.TelegramBot@2c2c3947
Arguments: []

2023-01-17 22:15:52 DEBUG impl.UpdateProducerImpl:20 - Прр
2023-01-17 22:17:10 DEBUG impl.UpdateProducerImpl:20 - /start
2023-01-17 22:18:25 DEBUG impl.UpdateProducerImpl:20 - /start
2023-01-17 22:18:32 DEBUG impl.UpdateProducerImpl:20 - /cancel
2023-01-17 22:18:53 DEBUG impl.UpdateProducerImpl:20 - /help
2023-01-17 22:19:34 DEBUG impl.UpdateProducerImpl:20 - /start
2023-01-17 22:20:10 DEBUG impl.UpdateProducerImpl:20 - /cancel
2023-01-17 22:20:21 DEBUG impl.UpdateProducerImpl:20 - /registration
2023-01-17 22:20:40 DEBUG impl.UpdateProducerImpl:20 - /cancel
2023-01-17 22:20:47 DEBUG impl.UpdateProducerImpl:20 - /dfg
2023-01-17 22:20:50 DEBUG impl.UpdateProducerImpl:20 - /help
2023-01-17 22:21:54 DEBUG impl.UpdateProducerImpl:20 - 
2023-01-18 12:25:52 INFO  aspect.LoggerAspect:22 - Method called: getBotToken
Proxy: org.rvsoft.controller.TelegramBot@2c9d90fc
Target: org.rvsoft.controller.TelegramBot@2c9d90fc
Arguments: []

2023-01-18 12:25:52 INFO  aspect.LoggerAspect:22 - Method called: getBotUsername
Proxy: org.rvsoft.controller.TelegramBot@2c9d90fc
Target: org.rvsoft.controller.TelegramBot@2c9d90fc
Arguments: []

2023-01-18 12:25:53 INFO  aspect.LoggerAspect:22 - Method called: getBotToken
Proxy: org.rvsoft.controller.TelegramBot@2c9d90fc
Target: org.rvsoft.controller.TelegramBot@2c9d90fc
Arguments: []

2023-01-18 12:25:53 INFO  aspect.LoggerAspect:22 - Method called: getBotUsername
Proxy: org.rvsoft.controller.TelegramBot@2c9d90fc
Target: org.rvsoft.controller.TelegramBot@2c9d90fc
Arguments: []

2023-01-18 12:25:53 INFO  aspect.LoggerAspect:22 - Method called: getBotUsername
Proxy: org.rvsoft.controller.TelegramBot@2c9d90fc
Target: org.rvsoft.controller.TelegramBot@2c9d90fc
Arguments: []

2023-01-18 12:27:42 DEBUG impl.UpdateProducerImpl:20 - /start
2023-01-18 12:34:32 INFO  aspect.LoggerAspect:22 - Method called: getBotToken
Proxy: org.rvsoft.controller.TelegramBot@2c9d90fc
Target: org.rvsoft.controller.TelegramBot@2c9d90fc
Arguments: []

2023-01-18 12:34:32 INFO  aspect.LoggerAspect:22 - Method called: getBotUsername
Proxy: org.rvsoft.controller.TelegramBot@2c9d90fc
Target: org.rvsoft.controller.TelegramBot@2c9d90fc
Arguments: []

2023-01-18 12:34:33 INFO  aspect.LoggerAspect:22 - Method called: getBotToken
Proxy: org.rvsoft.controller.TelegramBot@2c9d90fc
Target: org.rvsoft.controller.TelegramBot@2c9d90fc
Arguments: []

2023-01-18 12:34:33 INFO  aspect.LoggerAspect:22 - Method called: getBotUsername
Proxy: org.rvsoft.controller.TelegramBot@2c9d90fc
Target: org.rvsoft.controller.TelegramBot@2c9d90fc
Arguments: []

2023-01-18 12:34:33 INFO  aspect.LoggerAspect:22 - Method called: getBotUsername
Proxy: org.rvsoft.controller.TelegramBot@2c9d90fc
Target: org.rvsoft.controller.TelegramBot@2c9d90fc
Arguments: []

2023-01-18 12:51:39 DEBUG impl.UpdateProducerImpl:20 - 
2023-01-18 12:58:36 DEBUG impl.UpdateProducerImpl:20 - /start
2023-01-18 12:58:44 DEBUG impl.UpdateProducerImpl:20 - /help
2023-01-18 12:58:48 DEBUG impl.UpdateProducerImpl:20 - /registration
2023-01-18 13:18:15 DEBUG impl.UpdateProducerImpl:20 - 
2023-01-18 13:21:34 DEBUG impl.UpdateProducerImpl:20 - 
2023-01-18 16:07:22 INFO  aspect.LoggerAspect:22 - Method called: getBotToken
Proxy: org.rvsoft.controller.TelegramBot@53dd42d6
Target: org.rvsoft.controller.TelegramBot@53dd42d6
Arguments: []

2023-01-18 16:07:22 INFO  aspect.LoggerAspect:22 - Method called: getBotUsername
Proxy: org.rvsoft.controller.TelegramBot@53dd42d6
Target: org.rvsoft.controller.TelegramBot@53dd42d6
Arguments: []

2023-01-18 16:07:24 INFO  aspect.LoggerAspect:22 - Method called: getBotToken
Proxy: org.rvsoft.controller.TelegramBot@53dd42d6
Target: org.rvsoft.controller.TelegramBot@53dd42d6
Arguments: []

2023-01-18 16:07:24 INFO  aspect.LoggerAspect:22 - Method called: getBotUsername
Proxy: org.rvsoft.controller.TelegramBot@53dd42d6
Target: org.rvsoft.controller.TelegramBot@53dd42d6
Arguments: []

2023-01-18 16:07:24 INFO  aspect.LoggerAspect:22 - Method called: getBotUsername
Proxy: org.rvsoft.controller.TelegramBot@53dd42d6
Target: org.rvsoft.controller.TelegramBot@53dd42d6
Arguments: []

2023-01-18 16:08:35 DEBUG impl.UpdateProducerImpl:20 - 
